# JRE version: OpenJDK Runtime Environment Temurin-11.0.17+8 (11.0.17+8) (build 11.0.17+8)
# Java VM: OpenJDK 64-Bit Server VM Temurin-11.0.17+8 (11.0.17+8, mixed mode, tiered, compressed oops, g1 gc, windows-amd64)
Heap:
 garbage-first heap   total 626688K, used 453800K [0x0000000603400000, 0x0000000800000000)
  region size 2048K, 184 young (376832K), 14 survivors (28672K)
 Metaspace       used 68379K, capacity 72319K, committed 72456K, reserved 1112064K
  class space    used 7823K, capacity 9613K, committed 9728K, reserved 1048576K
GC Heap History (20 events):
Event: 9.228 GC heap after
{Heap after GC invocations=13 (full 0):
 garbage-first heap   total 626688K, used 84991K [0x0000000603400000, 0x0000000800000000)
  region size 2048K, 11 young (22528K), 11 survivors (22528K)
 Metaspace       used 68256K, capacity 72159K, committed 72328K, reserved 1112064K
  class space    used 7821K, capacity 9581K, committed 9600K, reserved 1048576K
}
Event: 9.370 GC heap before
{Heap before GC invocations=13 (full 0):
 garbage-first heap   total 626688K, used 437247K [0x0000000603400000, 0x0000000800000000)
  region size 2048K, 183 young (374784K), 11 survivors (22528K)
 Metaspace       used 68293K, capacity 72159K, committed 72328K, reserved 1112064K
  class space    used 7821K, capacity 9581K, committed 9600K, reserved 1048576K
}
Event: 9.376 GC heap after
{Heap after GC invocations=14 (full 0):
 garbage-first heap   total 626688K, used 88122K [0x0000000603400000, 0x0000000800000000)
  region size 2048K, 12 young (24576K), 12 survivors (24576K)
 Metaspace       used 68293K, capacity 72159K, committed 72328K, reserved 1112064K
  class space    used 7821K, capacity 9581K, committed 9600K, reserved 1048576K
}
Event: 9.514 GC heap before
{Heap before GC invocations=14 (full 0):
 garbage-first heap   total 626688K, used 438330K [0x0000000603400000, 0x0000000800000000)
  region size 2048K, 183 young (374784K), 12 survivors (24576K)
 Metaspace       used 68315K, capacity 72159K, committed 72328K, reserved 1112064K
  class space    used 7821K, capacity 9581K, committed 9600K, reserved 1048576K
}
Event: 9.519 GC heap after
{Heap after GC invocations=15 (full 0):
 garbage-first heap   total 626688K, used 90923K [0x0000000603400000, 0x0000000800000000)
  region size 2048K, 14 young (28672K), 14 survivors (28672K)
 Metaspace       used 68315K, capacity 72159K, committed 72328K, reserved 1112064K
  class space    used 7821K, capacity 9581K, committed 9600K, reserved 1048576K
}
Event: 9.624 GC heap before
{Heap before GC invocations=15 (full 0):
 garbage-first heap   total 626688K, used 437035K [0x0000000603400000, 0x0000000800000000)
  region size 2048K, 183 young (374784K), 14 survivors (28672K)
 Metaspace       used 68345K, capacity 72287K, committed 72328K, reserved 1112064K
  class space    used 7821K, capacity 9581K, committed 9600K, reserved 1048576K
}
Event: 9.630 GC heap after
{Heap after GC invocations=16 (full 0):
 garbage-first heap   total 626688K, used 94395K [0x0000000603400000, 0x0000000800000000)
  region size 2048K, 13 young (26624K), 13 survivors (26624K)
 Metaspace       used 68345K, capacity 72287K, committed 72328K, reserved 1112064K
  class space    used 7821K, capacity 9581K, committed 9600K, reserved 1048576K
}
Event: 9.729 GC heap before
{Heap before GC invocations=16 (full 0):
 garbage-first heap   total 626688K, used 442555K [0x0000000603400000, 0x0000000800000000)
  region size 2048K, 183 young (374784K), 13 survivors (26624K)
 Metaspace       used 68349K, capacity 72287K, committed 72328K, reserved 1112064K
  class space    used 7821K, capacity 9581K, committed 9600K, reserved 1048576K
}
Event: 9.735 GC heap after
{Heap after GC invocations=17 (full 0):
 garbage-first heap   total 626688K, used 96352K [0x0000000603400000, 0x0000000800000000)
  region size 2048K, 10 young (20480K), 10 survivors (20480K)
 Metaspace       used 68349K, capacity 72287K, committed 72328K, reserved 1112064K
  class space    used 7821K, capacity 9581K, committed 9600K, reserved 1048576K
}
Event: 9.838 GC heap before
{Heap before GC invocations=17 (full 0):
 garbage-first heap   total 626688K, used 450656K [0x0000000603400000, 0x0000000800000000)
  region size 2048K, 183 young (374784K), 10 survivors (20480K)
 Metaspace       used 68350K, capacity 72287K, committed 72328K, reserved 1112064K
  class space    used 7821K, capacity 9581K, committed 9600K, reserved 1048576K
}
Event: 9.841 GC heap after
{Heap after GC invocations=18 (full 0):
 garbage-first heap   total 626688K, used 98308K [0x0000000603400000, 0x0000000800000000)
  region size 2048K, 11 young (22528K), 11 survivors (22528K)
 Metaspace       used 68350K, capacity 72287K, committed 72328K, reserved 1112064K
  class space    used 7821K, capacity 9581K, committed 9600K, reserved 1048576K
}
Event: 9.952 GC heap before
{Heap before GC invocations=18 (full 0):
 garbage-first heap   total 626688K, used 450564K [0x0000000603400000, 0x0000000800000000)
  region size 2048K, 183 young (374784K), 11 survivors (22528K)
 Metaspace       used 68351K, capacity 72287K, committed 72328K, reserved 1112064K
  class space    used 7821K, capacity 9581K, committed 9600K, reserved 1048576K
}
Event: 9.957 GC heap after
{Heap after GC invocations=19 (full 0):
 garbage-first heap   total 626688K, used 99975K [0x0000000603400000, 0x0000000800000000)
  region size 2048K, 12 young (24576K), 12 survivors (24576K)
 Metaspace       used 68351K, capacity 72287K, committed 72328K, reserved 1112064K
  class space    used 7821K, capacity 9581K, committed 9600K, reserved 1048576K
}
Event: 10.047 GC heap before
{Heap before GC invocations=19 (full 0):
 garbage-first heap   total 626688K, used 450183K [0x0000000603400000, 0x0000000800000000)
  region size 2048K, 183 young (374784K), 12 survivors (24576K)
 Metaspace       used 68353K, capacity 72287K, committed 72328K, reserved 1112064K
  class space    used 7821K, capacity 9581K, committed 9600K, reserved 1048576K
}
Event: 10.051 GC heap after
{Heap after GC invocations=20 (full 0):
 garbage-first heap   total 626688K, used 101748K [0x0000000603400000, 0x0000000800000000)
  region size 2048K, 13 young (26624K), 13 survivors (26624K)
 Metaspace       used 68353K, capacity 72287K, committed 72328K, reserved 1112064K
  class space    used 7821K, capacity 9581K, committed 9600K, reserved 1048576K
}
Event: 10.134 GC heap before
{Heap before GC invocations=20 (full 0):
 garbage-first heap   total 626688K, used 449908K [0x0000000603400000, 0x0000000800000000)
  region size 2048K, 183 young (374784K), 13 survivors (26624K)
 Metaspace       used 68353K, capacity 72287K, committed 72328K, reserved 1112064K
  class space    used 7821K, capacity 9581K, committed 9600K, reserved 1048576K
}
Event: 10.141 GC heap after
{Heap after GC invocations=21 (full 0):
 garbage-first heap   total 626688K, used 103627K [0x0000000603400000, 0x0000000800000000)
  region size 2048K, 12 young (24576K), 12 survivors (24576K)
 Metaspace       used 68353K, capacity 72287K, committed 72328K, reserved 1112064K
  class space    used 7821K, capacity 9581K, committed 9600K, reserved 1048576K
}
Event: 10.227 GC heap before
{Heap before GC invocations=21 (full 0):
 garbage-first heap   total 626688K, used 453835K [0x0000000603400000, 0x0000000800000000)
  region size 2048K, 183 young (374784K), 12 survivors (24576K)
 Metaspace       used 68353K, capacity 72287K, committed 72328K, reserved 1112064K
  class space    used 7821K, capacity 9581K, committed 9600K, reserved 1048576K
}
Event: 10.231 GC heap after
{Heap after GC invocations=22 (full 0):
 garbage-first heap   total 626688K, used 105640K [0x0000000603400000, 0x0000000800000000)
  region size 2048K, 13 young (26624K), 13 survivors (26624K)
 Metaspace       used 68353K, capacity 72287K, committed 72328K, reserved 1112064K
  class space    used 7821K, capacity 9581K, committed 9600K, reserved 1048576K
}
Event: 10.358 GC heap before
{Heap before GC invocations=22 (full 0):
 garbage-first heap   total 626688K, used 453800K [0x0000000603400000, 0x0000000800000000)
  region size 2048K, 183 young (374784K), 13 survivors (26624K)
 Metaspace       used 68379K, capacity 72319K, committed 72456K, reserved 1112064K
  class space    used 7823K, capacity 9613K, committed 9728K, reserved 1048576K
}

